#
# There is insufficient memory for the Java Runtime Environment to continue.
# Native memory allocation (mmap) failed to map 266338304 bytes for G1 virtual space
# Possible reasons:
#   The system is out of physical RAM or swap space
#   The process is running with CompressedOops enabled, and the Java Heap may be blocking the growth of the native heap
# Possible solutions:
#   Reduce memory load on the system
#   Increase physical memory or swap space
#   Check if swap backing store is full
#   Decrease Java heap size (-Xmx/-Xms)
#   Decrease number of Java threads
#   Decrease Java thread stack sizes (-Xss)
#   Set larger code cache with -XX:ReservedCodeCacheSize=
#   JVM is running with Zero Based Compressed Oops mode in which the Java heap is
#     placed in the first 32GB address space. The Java Heap base address is the
#     maximum limit for the native heap growth. Please use -XX:HeapBaseMinAddress
#     to set the Java Heap base and to place the Java Heap above 32GB virtual address.
# This output file may be truncated or incomplete.
#
#  Out of Memory Error (os_windows.cpp:3825), pid=29388, tid=10728
#
# JRE version:  (17.0.10+1) (build )
# Java VM: OpenJDK 64-Bit Server VM (17.0.10+1-b1087.17, mixed mode, sharing, tiered, compressed oops, compressed class ptrs, g1 gc, windows-amd64)
# No core dump will be written. Minidumps are not enabled by default on client versions of Windows
#

---------------  S U M M A R Y ------------

Command Line: git4idea.http.GitAskPassApp Username for 'https://github.com': 

Host: Intel(R) Core(TM) i7-10510U CPU @ 1.80GHz, 8 cores, 15G,  Windows 11 , 64 bit Build 22621 (10.0.22621.3527)
Time: Tue Jun  4 19:01:08 2024  Windows 11 , 64 bit Build 22621 (10.0.22621.3527) elapsed time: 0.030289 seconds (0d 0h 0m 0s)

---------------  T H R E A D  ---------------

Current thread (0x0000019b3099e2f0):  JavaThread "Unknown thread" [_thread_in_vm, id=10728, stack(0x0000005d5d800000,0x0000005d5d900000)]

Stack: [0x0000005d5d800000,0x0000005d5d900000]
Native frames: (J=compiled Java code, j=interpreted, Vv=VM code, C=native code)
V  [jvm.dll+0x688ac9]
V  [jvm.dll+0x84220a]
V  [jvm.dll+0x843e4e]
V  [jvm.dll+0x8444b3]
V  [jvm.dll+0x24ba8f]
V  [jvm.dll+0x685899]
V  [jvm.dll+0x67a14a]
V  [jvm.dll+0x30c7eb]
V  [jvm.dll+0x313c96]
V  [jvm.dll+0x363a2e]
V  [jvm.dll+0x363c5f]
V  [jvm.dll+0x2e25b8]
V  [jvm.dll+0x2e3524]
V  [jvm.dll+0x812d71]
V  [jvm.dll+0x3718e1]
V  [jvm.dll+0x7f18d6]
V  [jvm.dll+0x3f553f]
V  [jvm.dll+0x3f7171]
C  [jli.dll+0x528f]
C  [ucrtbase.dll+0x29333]
C  [KERNEL32.DLL+0x1257d]
C  [ntdll.dll+0x5aa48]


---------------  P R O C E S S  ---------------

Threads class SMR info:
_java_thread_list=0x00007ffaadfdef58, length=0, elements={
}

Java Threads: ( => current thread )

Other Threads:
  0x0000019b30a0a0c0 GCTaskThread "GC Thread#0" [stack: 0x0000005d5d900000,0x0000005d5da00000] [id=21820]
  0x0000019b30a1acd0 ConcurrentGCThread "G1 Main Marker" [stack: 0x0000005d5da00000,0x0000005d5db00000] [id=4184]
  0x0000019b30a1b6f0 ConcurrentGCThread "G1 Conc#0" [stack: 0x0000005d5db00000,0x0000005d5dc00000] [id=36340]

[error occurred during error reporting (printing all threads), id 0xc0000005, EXCEPTION_ACCESS_VIOLATION (0xc0000005) at pc=0x00007ffaad793187]

VM state: not at safepoint (not fully initialized)

VM Mutex/Monitor currently owned by a thread:  ([mutex/lock_event])
[0x0000019b3099ba00] Heap_lock - owner thread: 0x0000019b3099e2f0

Heap address: 0x0000000703400000, size: 4044 MB, Compressed Oops mode: Zero based, Oop shift amount: 3

CDS archive(s) mapped at: [0x0000000000000000-0x0000000000000000-0x0000000000000000), size 0, SharedBaseAddress: 0x0000000800000000, ArchiveRelocationMode: 1.
Narrow klass base: 0x0000000000000000, Narrow klass shift: 0, Narrow klass range: 0x0

GC Precious Log:
<Empty>

Heap:
 garbage-first heap   total 0K, used 0K [0x0000000703400000, 0x0000000800000000)
  region size 2048K, 0 young (0K), 0 survivors (0K)
 Metaspace       used 0K, committed 0K, reserved 0K
  class space    used 0K, committed 0K, reserved 0K

Heap Regions: E=young(eden), S=young(survivor), O=old, HS=humongous(starts), HC=humongous(continues), CS=collection set, F=free, OA=open archive, CA=closed archive, TAMS=top-at-mark-start (previous, next)

Card table byte_map: [0x0000019b43c30000,0x0000019b44420000] _byte_map_base: 0x0000019b40416000

Marking Bits (Prev, Next): (CMBitMap*) 0x0000019b30a0a6e0, (CMBitMap*) 0x0000019b30a0a720
 Prev Bits: [0x0000019b44c10000, 0x0000019b48b40000)
 Next Bits: [0x0000019b48b40000, 0x0000019b4ca70000)

GC Heap History (0 events):
No events

Dll operation events (1 events):
Event: 0.016 Loaded shared library C:\Program Files\JetBrains\PyCharm 2023.3.4\jbr\bin\java.dll

Deoptimization events (0 events):
No events

Classes unloaded (0 events):
No events

Classes redefined (0 events):
No events

Internal exceptions (0 events):
No events

VM Operations (0 events):
No events

Events (0 events):
No events


Dynamic libraries:
0x00007ff601c30000 - 0x00007ff601c3a000 	C:\Program Files\JetBrains\PyCharm 2023.3.4\jbr\bin\java.exe
0x00007ffb73b90000 - 0x00007ffb73da7000 	C:\WINDOWS\SYSTEM32\ntdll.dll
0x00007ffb72420000 - 0x00007ffb724e4000 	C:\WINDOWS\System32\KERNEL32.DLL
0x00007ffb71510000 - 0x00007ffb718b7000 	C:\WINDOWS\System32\KERNELBASE.dll
0x00007ffb70eb0000 - 0x00007ffb70fc1000 	C:\WINDOWS\System32\ucrtbase.dll
0x00007ffb42d20000 - 0x00007ffb42d37000 	C:\Program Files\JetBrains\PyCharm 2023.3.4\jbr\bin\jli.dll
0x00007ffb60fe0000 - 0x00007ffb60ffb000 	C:\Program Files\JetBrains\PyCharm 2023.3.4\jbr\bin\VCRUNTIME140.dll
0x00007ffb72720000 - 0x00007ffb728ce000 	C:\WINDOWS\System32\USER32.dll
0x00007ffb5cb90000 - 0x00007ffb5ce23000 	C:\WINDOWS\WinSxS\amd64_microsoft.windows.common-controls_6595b64144ccf1df_6.0.22621.3527_none_270e469b73872a76\COMCTL32.dll
0x00007ffb70fd0000 - 0x00007ffb70ff6000 	C:\WINDOWS\System32\win32u.dll
0x00007ffb725f0000 - 0x00007ffb72697000 	C:\WINDOWS\System32\msvcrt.dll
0x00007ffb71b70000 - 0x00007ffb71b99000 	C:\WINDOWS\System32\GDI32.dll
0x00007ffb71000000 - 0x00007ffb71119000 	C:\WINDOWS\System32\gdi32full.dll
0x00007ffb71470000 - 0x00007ffb7150a000 	C:\WINDOWS\System32\msvcp_win.dll
0x00007ffb723b0000 - 0x00007ffb723e1000 	C:\WINDOWS\System32\IMM32.DLL
0x00007ffb60ef0000 - 0x00007ffb60efc000 	C:\Program Files\JetBrains\PyCharm 2023.3.4\jbr\bin\vcruntime140_1.dll
0x00007ffb2e900000 - 0x00007ffb2e98d000 	C:\Program Files\JetBrains\PyCharm 2023.3.4\jbr\bin\msvcp140.dll
0x00007ffaad4a0000 - 0x00007ffaae123000 	C:\Program Files\JetBrains\PyCharm 2023.3.4\jbr\bin\server\jvm.dll
0x00007ffb71a00000 - 0x00007ffb71ab2000 	C:\WINDOWS\System32\ADVAPI32.dll
0x00007ffb71ac0000 - 0x00007ffb71b68000 	C:\WINDOWS\System32\sechost.dll
0x00007ffb71300000 - 0x00007ffb71328000 	C:\WINDOWS\System32\bcrypt.dll
0x00007ffb739a0000 - 0x00007ffb73ab5000 	C:\WINDOWS\System32\RPCRT4.dll
0x00007ffb5c600000 - 0x00007ffb5c609000 	C:\WINDOWS\SYSTEM32\WSOCK32.dll
0x00007ffb70910000 - 0x00007ffb7095d000 	C:\WINDOWS\SYSTEM32\POWRPROF.dll
0x00007ffb726a0000 - 0x00007ffb72711000 	C:\WINDOWS\System32\WS2_32.dll
0x00007ffb66c60000 - 0x00007ffb66c94000 	C:\WINDOWS\SYSTEM32\WINMM.dll
0x00007ffb66260000 - 0x00007ffb6626a000 	C:\WINDOWS\SYSTEM32\VERSION.dll
0x00007ffb707f0000 - 0x00007ffb70803000 	C:\WINDOWS\SYSTEM32\UMPDC.dll
0x00007ffb6fed0000 - 0x00007ffb6fee8000 	C:\WINDOWS\SYSTEM32\kernel.appcore.dll
0x00007ffb67a90000 - 0x00007ffb67a9a000 	C:\Program Files\JetBrains\PyCharm 2023.3.4\jbr\bin\jimage.dll
0x00007ffb6e8b0000 - 0x00007ffb6eae2000 	C:\WINDOWS\SYSTEM32\DBGHELP.DLL
0x00007ffb73340000 - 0x00007ffb736c8000 	C:\WINDOWS\System32\combase.dll
0x00007ffb71bb0000 - 0x00007ffb71c87000 	C:\WINDOWS\System32\OLEAUT32.dll
0x00007ffb65a80000 - 0x00007ffb65ab2000 	C:\WINDOWS\SYSTEM32\dbgcore.DLL
0x00007ffb713f0000 - 0x00007ffb71469000 	C:\WINDOWS\System32\bcryptPrimitives.dll
0x00007ffb45df0000 - 0x00007ffb45e15000 	C:\Program Files\JetBrains\PyCharm 2023.3.4\jbr\bin\java.dll

dbghelp: loaded successfully - version: 4.0.5 - missing functions: none
symbol engine: initialized successfully - sym options: 0x614 - pdb path: .;C:\Program Files\JetBrains\PyCharm 2023.3.4\jbr\bin;C:\WINDOWS\SYSTEM32;C:\WINDOWS\WinSxS\amd64_microsoft.windows.common-controls_6595b64144ccf1df_6.0.22621.3527_none_270e469b73872a76;C:\Program Files\JetBrains\PyCharm 2023.3.4\jbr\bin\server

VM Arguments:
java_command: git4idea.http.GitAskPassApp Username for 'https://github.com': 
java_class_path (initial): C:/Program Files/JetBrains/PyCharm 2023.3.4/plugins/vcs-git/lib/git4idea-rt.jar;C:/Program Files/JetBrains/PyCharm 2023.3.4/lib/externalProcess-rt.jar
Launcher Type: SUN_STANDARD

[Global flags]
     intx CICompilerCount                          = 4                                         {product} {ergonomic}
     uint ConcGCThreads                            = 2                                         {product} {ergonomic}
     uint G1ConcRefinementThreads                  = 8                                         {product} {ergonomic}
   size_t G1HeapRegionSize                         = 2097152                                   {product} {ergonomic}
    uintx GCDrainStackTargetSize                   = 64                                        {product} {ergonomic}
   size_t InitialHeapSize                          = 266338304                                 {product} {ergonomic}
   size_t MarkStackSize                            = 4194304                                   {product} {ergonomic}
   size_t MaxHeapSize                              = 4240441344                                {product} {ergonomic}
   size_t MinHeapDeltaBytes                        = 2097152                                   {product} {ergonomic}
   size_t MinHeapSize                              = 8388608                                   {product} {ergonomic}
    uintx NonNMethodCodeHeapSize                   = 5839372                                {pd product} {ergonomic}
    uintx NonProfiledCodeHeapSize                  = 122909434                              {pd product} {ergonomic}
    uintx ProfiledCodeHeapSize                     = 122909434                              {pd product} {ergonomic}
    uintx ReservedCodeCacheSize                    = 251658240                              {pd product} {ergonomic}
     bool SegmentedCodeCache                       = true                                      {product} {ergonomic}
   size_t SoftMaxHeapSize                          = 4240441344                             {manageable} {ergonomic}
     bool UseCompressedClassPointers               = true                           {product lp64_product} {ergonomic}
     bool UseCompressedOops                        = true                           {product lp64_product} {ergonomic}
     bool UseG1GC                                  = true                                      {product} {ergonomic}
     bool UseLargePagesIndividualAllocation        = false                                  {pd product} {ergonomic}

Logging:
Log output configuration:
 #0: stdout all=warning uptime,level,tags
 #1: stderr all=off uptime,level,tags

Environment Variables:
PATH=C:\Program Files\Git\mingw64\libexec\git-core;C:\Program Files\Git\mingw64\libexec\git-core;C:\Program Files\Git\mingw64\bin;C:\Program Files\Git\usr\bin;C:\Users\pariz\bin;C:\Program Files\Common Files\Oracle\Java\javapath;C:\Windows\system32;C:\Windows;C:\Windows\System32\Wbem;C:\Windows\System32\WindowsPowerShell\v1.0;C:\Windows\System32\OpenSSH;C:\Program Files (x86)\NVIDIA Corporation\PhysX\Common;C:\Program Files\NVIDIA Corporation\NVIDIA NvDLISR;C:\WINDOWS\system32;C:\WINDOWS;C:\WINDOWS\System32\Wbem;C:\WINDOWS\System32\WindowsPowerShell\v1.0;C:\WINDOWS\System32\OpenSSH;C:\Program Files\MATLAB\R2022a\bin;C:\Program Files\dotnet;C:\Program Files\Microsoft SQL Server\150\Tools\Binn;C:\WINDOWS\system32;C:\WINDOWS;C:\WINDOWS\System32\Wbem;C:\WINDOWS\System32\WindowsPowerShell\v1.0;C:\WINDOWS\System32\OpenSSH;C:\Program Files\PuTTY;C:\Program Files\Git\cmd;C:\Users\pariz\AppData\Local\Programs\Python\Python312\Scripts;C:\Users\pariz\AppData\Local\Programs\Python\Python312;C:\Users\pariz\AppData\Local\Programs\Python\Launcher;C:\Users\pariz\AppData\Local\Microsoft\WindowsApps;C:\Program Files\JetBrains\PyCharm Community Edition 2020.3.3\bin;C:\Users\pariz\.dotnet\tools
USERNAME=pariz
DISPLAY=:0.0
LC_ALL=en_US.UTF-8
TERM=xterm-256color
TMPDIR=C:\Users\pariz\AppData\Local\Temp
OS=Windows_NT
PROCESSOR_IDENTIFIER=Intel64 Family 6 Model 142 Stepping 12, GenuineIntel
TMP=C:\Users\pariz\AppData\Local\Temp
TEMP=C:\Users\pariz\AppData\Local\Temp



Periodic native trim disabled

JNI global refs:
JNI global refs: 0, weak refs: 0

JNI global refs memory usage: 0, weak refs: 0

OOME stack traces (most recent first):
Classloader memory used:


---------------  S Y S T E M  ---------------

OS:
 Windows 11 , 64 bit Build 22621 (10.0.22621.3527)
OS uptime: 15 days 14:44 hours

CPU: total 8 (initial active 8) (4 cores per cpu, 2 threads per core) family 6 model 142 stepping 12 microcode 0xde, cx8, cmov, fxsr, ht, mmx, 3dnowpref, sse, sse2, sse3, ssse3, sse4.1, sse4.2, popcnt, lzcnt, tsc, tscinvbit, avx, avx2, aes, erms, clmul, bmi1, bmi2, adx, fma, vzeroupper, clflush, clflushopt
Processor Information for all 8 processors :
  Max Mhz: 2304, Current Mhz: 1803, Mhz Limit: 1797

Memory: 4k page, system-wide physical 16168M (1558M free)
TotalPageFile size 57215M (AvailPageFile size 7M)
current process WorkingSet (physical memory assigned to process): 11M, peak: 11M
current process commit charge ("private bytes"): 60M, peak: 314M

vm_info: OpenJDK 64-Bit Server VM (17.0.10+1-b1087.17) for windows-amd64 JRE (17.0.10+1-b1087.17), built on 2024-01-19 by "builduser" with MS VC++ 16.10 / 16.11 (VS2019)

END.
